  Cliente.cpp
e:\c++ programming\proj_aeda2\proj_aeda2\cliente.cpp(28): warning C4018: '<': signed/unsigned mismatch
e:\c++ programming\proj_aeda2\proj_aeda2\cliente.cpp(43): warning C4018: '<': signed/unsigned mismatch
e:\c++ programming\proj_aeda2\proj_aeda2\cliente.cpp(73): warning C4018: '<': signed/unsigned mismatch
  Generating Code...
cl : Command line warning D9028: minimal rebuild failure, reverting to normal build
  Compiling...
  Manager.cpp
e:\c++ programming\proj_aeda2\proj_aeda2\manager.h(17): warning C4018: '<': signed/unsigned mismatch
  Market.cpp
e:\c++ programming\proj_aeda2\proj_aeda2\manager.h(17): warning C4018: '<': signed/unsigned mismatch
e:\c++ programming\proj_aeda2\proj_aeda2\market.cpp(112): warning C4018: '<': signed/unsigned mismatch
e:\c++ programming\proj_aeda2\proj_aeda2\market.cpp(129): warning C4804: '<': unsafe use of type 'bool' in operation
e:\c++ programming\proj_aeda2\proj_aeda2\market.cpp(192): warning C4018: '<': signed/unsigned mismatch
e:\c++ programming\proj_aeda2\proj_aeda2\market.cpp(273): warning C4018: '<': signed/unsigned mismatch
e:\c++ programming\proj_aeda2\proj_aeda2\market.cpp(311): warning C4018: '<': signed/unsigned mismatch
e:\c++ programming\proj_aeda2\proj_aeda2\market.cpp(332): warning C4244: 'argument': conversion from 'time_t' to 'unsigned int', possible loss of data
e:\c++ programming\proj_aeda2\proj_aeda2\market.cpp(382): warning C4018: '<': signed/unsigned mismatch
e:\c++ programming\proj_aeda2\proj_aeda2\market.cpp(386): warning C4018: '<': signed/unsigned mismatch
e:\c++ programming\proj_aeda2\proj_aeda2\market.cpp(406): warning C4018: '<': signed/unsigned mismatch
e:\c++ programming\proj_aeda2\proj_aeda2\market.cpp(411): warning C4018: '<': signed/unsigned mismatch
e:\c++ programming\proj_aeda2\proj_aeda2\market.cpp(415): warning C4018: '<': signed/unsigned mismatch
  Share.cpp
  Source.cpp
e:\c++ programming\proj_aeda2\proj_aeda2\manager.h(17): warning C4018: '<': signed/unsigned mismatch
  Generating Code...
  proj_aeda2.vcxproj -> E:\C++ Programming\proj_aeda2\Debug\proj_aeda2.exe
  proj_aeda2.vcxproj -> E:\C++ Programming\proj_aeda2\Debug\proj_aeda2.pdb (Full PDB)
